-------------------------------------------------------------------------------
Test set: com.assignment.demo.AssignmentApplicationTests
-------------------------------------------------------------------------------
Tests run: 1, Failures: 0, Errors: 1, Skipped: 0, Time elapsed: 18.46 s <<< FAILURE! - in com.assignment.demo.AssignmentApplicationTests
contextLoads  Time elapsed: 0.001 s  <<< ERROR!
java.lang.IllegalStateException: Failed to load ApplicationContext
Caused by: org.springframework.beans.factory.UnsatisfiedDependencyException: Error creating bean with name 'noteController': Unsatisfied dependency expressed through field 'iNoteService'; nested exception is org.springframework.beans.factory.UnsatisfiedDependencyException: Error creating bean with name 'noteImpl': Unsatisfied dependency expressed through field 'noteRepositiory'; nested exception is org.springframework.beans.factory.BeanCreationException: Error creating bean with name 'noteRepository': Invocation of init method failed; nested exception is java.lang.IllegalStateException: Using named parameters for method public abstract java.util.List com.assignment.demo.repositories.NoteRepository.findNoteById(int,int) but parameter 'Optional[noteid]' not found in annotated query 'Select * from note_tbl n where n.userid=:userid'!
Caused by: org.springframework.beans.factory.UnsatisfiedDependencyException: Error creating bean with name 'noteImpl': Unsatisfied dependency expressed through field 'noteRepositiory'; nested exception is org.springframework.beans.factory.BeanCreationException: Error creating bean with name 'noteRepository': Invocation of init method failed; nested exception is java.lang.IllegalStateException: Using named parameters for method public abstract java.util.List com.assignment.demo.repositories.NoteRepository.findNoteById(int,int) but parameter 'Optional[noteid]' not found in annotated query 'Select * from note_tbl n where n.userid=:userid'!
Caused by: org.springframework.beans.factory.BeanCreationException: Error creating bean with name 'noteRepository': Invocation of init method failed; nested exception is java.lang.IllegalStateException: Using named parameters for method public abstract java.util.List com.assignment.demo.repositories.NoteRepository.findNoteById(int,int) but parameter 'Optional[noteid]' not found in annotated query 'Select * from note_tbl n where n.userid=:userid'!
Caused by: java.lang.IllegalStateException: Using named parameters for method public abstract java.util.List com.assignment.demo.repositories.NoteRepository.findNoteById(int,int) but parameter 'Optional[noteid]' not found in annotated query 'Select * from note_tbl n where n.userid=:userid'!

